#
# There is insufficient memory for the Java Runtime Environment to continue.
# Native memory allocation (malloc) failed to allocate 729024 bytes for Chunk::new
# Possible reasons:
#   The system is out of physical RAM or swap space
#   In 32 bit mode, the process size limit was hit
# Possible solutions:
#   Reduce memory load on the system
#   Increase physical memory or swap space
#   Check if swap backing store is full
#   Use 64 bit Java on a 64 bit OS
#   Decrease Java heap size (-Xmx/-Xms)
#   Decrease number of Java threads
#   Decrease Java thread stack sizes (-Xss)
#   Set larger code cache with -XX:ReservedCodeCacheSize=
# This output file may be truncated or incomplete.
#
#  Out of Memory Error (allocation.cpp:390), pid=2940, tid=12244
#
# JRE version: Java(TM) SE Runtime Environment (8.0_45-b15) (build 1.8.0_45-b15)
# Java VM: Java HotSpot(TM) 64-Bit Server VM (25.45-b02 mixed mode windows-amd64 compressed oops)
# Failed to write core dump. Minidumps are not enabled by default on client versions of Windows
#

---------------  T H R E A D  ---------------

Current thread (0x0000000014ef8000):  JavaThread "C2 CompilerThread0" daemon [_thread_in_native, id=12244, stack(0x0000000016440000,0x0000000016540000)]

Stack: [0x0000000016440000,0x0000000016540000]
Native frames: (J=compiled Java code, j=interpreted, Vv=VM code, C=native code)
V  [jvm.dll+0x32b57a]


Current CompileTask:
C2:   3956 1564   !   4       com.android.dx.cf.cst.ConstantPoolParser::parse0 (731 bytes)


---------------  P R O C E S S  ---------------

Java Threads: ( => current thread )
  0x0000000016803800 JavaThread "pool-1-thread-4" [_thread_in_Java, id=11612, stack(0x0000000017140000,0x0000000017240000)]
  0x0000000016803000 JavaThread "pool-1-thread-3" [_thread_in_Java, id=9084, stack(0x0000000017040000,0x0000000017140000)]
  0x0000000016802000 JavaThread "pool-1-thread-2" [_thread_in_Java, id=11432, stack(0x0000000016f40000,0x0000000017040000)]
  0x0000000016823000 JavaThread "pool-2-thread-1" [_thread_blocked, id=11280, stack(0x0000000016e40000,0x0000000016f40000)]
  0x0000000016822000 JavaThread "pool-1-thread-1" [_thread_blocked, id=11860, stack(0x0000000016d40000,0x0000000016e40000)]
  0x0000000016593000 JavaThread "Service Thread" daemon [_thread_blocked, id=11028, stack(0x0000000016b40000,0x0000000016c40000)]
  0x000000001658b800 JavaThread "C1 CompilerThread2" daemon [_thread_blocked, id=11152, stack(0x0000000016a40000,0x0000000016b40000)]
  0x0000000014f4e000 JavaThread "C2 CompilerThread1" daemon [_thread_in_native, id=12104, stack(0x0000000016940000,0x0000000016a40000)]
=>0x0000000014ef8000 JavaThread "C2 CompilerThread0" daemon [_thread_in_native, id=12244, stack(0x0000000016440000,0x0000000016540000)]
  0x0000000014ef6000 JavaThread "Attach Listener" daemon [_thread_blocked, id=10980, stack(0x0000000016340000,0x0000000016440000)]
  0x0000000014f44000 JavaThread "Signal Dispatcher" daemon [_thread_blocked, id=10284, stack(0x0000000016240000,0x0000000016340000)]
  0x0000000002817000 JavaThread "Finalizer" daemon [_thread_blocked, id=10864, stack(0x0000000016140000,0x0000000016240000)]
  0x000000000280e000 JavaThread "Reference Handler" daemon [_thread_blocked, id=11284, stack(0x0000000016040000,0x0000000016140000)]
  0x000000000271e000 JavaThread "main" [_thread_in_Java, id=11928, stack(0x00000000025b0000,0x00000000026b0000)]

Other Threads:
  0x0000000014eb8000 VMThread [stack: 0x0000000015f40000,0x0000000016040000] [id=10276]
  0x00000000165c5000 WatcherThread [stack: 0x0000000016c40000,0x0000000016d40000] [id=10876]

VM state:not at safepoint (normal execution)

VM Mutex/Monitor currently owned by a thread: None

Heap:
 PSYoungGen      total 71680K, used 22631K [0x00000000eab00000, 0x00000000ef600000, 0x0000000100000000)
  eden space 66560K, 26% used [0x00000000eab00000,0x00000000ebc20218,0x00000000eec00000)
  from space 5120K, 99% used [0x00000000ef100000,0x00000000ef5f9c78,0x00000000ef600000)
  to   space 5120K, 0% used [0x00000000eec00000,0x00000000eec00000,0x00000000ef100000)
 ParOldGen       total 87552K, used 4553K [0x00000000c0000000, 0x00000000c5580000, 0x00000000eab00000)
  object space 87552K, 5% used [0x00000000c0000000,0x00000000c04726c8,0x00000000c5580000)
 Metaspace       used 6260K, capacity 7088K, committed 7296K, reserved 1056768K
  class space    used 594K, capacity 616K, committed 640K, reserved 1048576K

Card table byte_map: [0x0000000011be0000,0x0000000011df0000] byte_map_base: 0x00000000115e0000

Marking Bits: (ParMarkBitMap*) 0x000000005c674040
 Begin Bits: [0x0000000012350000, 0x0000000013350000)
 End Bits:   [0x0000000013350000, 0x0000000014350000)

Polling page: 0x0000000000cc0000

CodeCache: size=245760Kb used=7046Kb max_used=7046Kb free=238713Kb
 bounds [0x0000000002820000, 0x0000000002f10000, 0x0000000011820000]
 total_blobs=1969 nmethods=1699 adapters=182
 compilation: enabled

Compilation events (10 events):
Event: 3.890 Thread 0x000000001658b800 1719       1       com.android.dx.cf.attrib.AttInnerClasses::getInnerClasses (5 bytes)
Event: 3.890 Thread 0x000000001658b800 nmethod 1719 0x0000000002f05a50 code [0x0000000002f05ba0, 0x0000000002f05cb0]
Event: 3.891 Thread 0x000000001658b800 1721       1       com.android.dx.rop.cst.CstType::getType (4 bytes)
Event: 3.891 Thread 0x000000001658b800 nmethod 1721 0x0000000002f05d10 code [0x0000000002f05e60, 0x0000000002f05f70]
Event: 3.897 Thread 0x000000001658b800 1724       1       com.android.dx.cf.code.ByteOps::opInfo (6 bytes)
Event: 3.898 Thread 0x000000001658b800 nmethod 1724 0x0000000002f05fd0 code [0x0000000002f06120, 0x0000000002f06230]
Event: 3.903 Thread 0x000000001658b800 1726       1       com.android.dx.rop.cst.CstKnownNull::getType (4 bytes)
Event: 3.903 Thread 0x000000001658b800 nmethod 1726 0x0000000002f06310 code [0x0000000002f06460, 0x0000000002f06570]
Event: 3.906 Thread 0x000000001658b800 1727       2       com.android.dx.ssa.back.FirstFitLocalCombiningAllocator$Multiset::add (68 bytes)
Event: 3.906 Thread 0x000000001658b800 nmethod 1727 0x0000000002f065d0 code [0x0000000002f06740, 0x0000000002f069b0]

GC Heap History (4 events):
Event: 1.838 GC heap before
{Heap before GC invocations=1 (full 0):
 PSYoungGen      total 38400K, used 33280K [0x00000000eab00000, 0x00000000ed580000, 0x0000000100000000)
  eden space 33280K, 100% used [0x00000000eab00000,0x00000000ecb80000,0x00000000ecb80000)
  from space 5120K, 0% used [0x00000000ed080000,0x00000000ed080000,0x00000000ed580000)
  to   space 5120K, 0% used [0x00000000ecb80000,0x00000000ecb80000,0x00000000ed080000)
 ParOldGen       total 87552K, used 0K [0x00000000c0000000, 0x00000000c5580000, 0x00000000eab00000)
  object space 87552K, 0% used [0x00000000c0000000,0x00000000c0000000,0x00000000c5580000)
 Metaspace       used 5915K, capacity 6832K, committed 7040K, reserved 1056768K
  class space    used 589K, capacity 616K, committed 640K, reserved 1048576K
Event: 1.886 GC heap after
Heap after GC invocations=1 (full 0):
 PSYoungGen      total 38400K, used 5094K [0x00000000eab00000, 0x00000000ef600000, 0x0000000100000000)
  eden space 33280K, 0% used [0x00000000eab00000,0x00000000eab00000,0x00000000ecb80000)
  from space 5120K, 99% used [0x00000000ecb80000,0x00000000ed079b68,0x00000000ed080000)
  to   space 5120K, 0% used [0x00000000ef100000,0x00000000ef100000,0x00000000ef600000)
 ParOldGen       total 87552K, used 806K [0x00000000c0000000, 0x00000000c5580000, 0x00000000eab00000)
  object space 87552K, 0% used [0x00000000c0000000,0x00000000c00c9ba0,0x00000000c5580000)
 Metaspace       used 5915K, capacity 6832K, committed 7040K, reserved 1056768K
  class space    used 589K, capacity 616K, committed 640K, reserved 1048576K
}
Event: 3.329 GC heap before
{Heap before GC invocations=2 (full 0):
 PSYoungGen      total 38400K, used 38374K [0x00000000eab00000, 0x00000000ef600000, 0x0000000100000000)
  eden space 33280K, 100% used [0x00000000eab00000,0x00000000ecb80000,0x00000000ecb80000)
  from space 5120K, 99% used [0x00000000ecb80000,0x00000000ed079b68,0x00000000ed080000)
  to   space 5120K, 0% used [0x00000000ef100000,0x00000000ef100000,0x00000000ef600000)
 ParOldGen       total 87552K, used 806K [0x00000000c0000000, 0x00000000c5580000, 0x00000000eab00000)
  object space 87552K, 0% used [0x00000000c0000000,0x00000000c00c9ba0,0x00000000c5580000)
 Metaspace       used 6220K, capacity 7088K, committed 7296K, reserved 1056768K
  class space    used 593K, capacity 616K, committed 640K, reserved 1048576K
Event: 3.688 GC heap after
Heap after GC invocations=2 (full 0):
 PSYoungGen      total 71680K, used 5095K [0x00000000eab00000, 0x00000000ef600000, 0x0000000100000000)
  eden space 66560K, 0% used [0x00000000eab00000,0x00000000eab00000,0x00000000eec00000)
  from space 5120K, 99% used [0x00000000ef100000,0x00000000ef5f9c78,0x00000000ef600000)
  to   space 5120K, 0% used [0x00000000eec00000,0x00000000eec00000,0x00000000ef100000)
 ParOldGen       total 87552K, used 4553K [0x00000000c0000000, 0x00000000c5580000, 0x00000000eab00000)
  object space 87552K, 5% used [0x00000000c0000000,0x00000000c04726c8,0x00000000c5580000)
 Metaspace       used 6220K, capacity 7088K, committed 7296K, reserved 1056768K
  class space    used 593K, capacity 616K, committed 640K, reserved 1048576K
}

Deoptimization events (10 events):
Event: 3.207 Thread 0x000000000271e000 Uncommon trap: reason=unstable_if action=reinterpret pc=0x0000000002e52d38 method=com.android.dx.rop.cst.StdConstantPool.set(ILcom/android/dx/rop/cst/Constant;)V @ 12
Event: 3.761 Thread 0x0000000016803000 Uncommon trap: reason=class_check action=maybe_recompile pc=0x0000000002e6933c method=com.android.dx.cf.code.BytecodeArray.parseInstruction(ILcom/android/dx/cf/code/BytecodeArray$Visitor;)I @ 1035
Event: 3.762 Thread 0x0000000016803000 Uncommon trap: reason=bimorphic action=maybe_recompile pc=0x0000000002e46e64 method=com.android.dx.rop.code.RegisterSpec.withSimpleType()Lcom/android/dx/rop/code/RegisterSpec; @ 21
Event: 3.830 Thread 0x0000000016802000 Uncommon trap: reason=unstable_if action=reinterpret pc=0x0000000002bed9c4 method=com.android.dx.rop.code.RegisterSpecSet.<init>(I)V @ 2
Event: 3.880 Thread 0x0000000016803800 Uncommon trap: reason=unstable_if action=reinterpret pc=0x0000000002e5f9e0 method=com.android.dx.ssa.SCCP.simulateBranch(Lcom/android/dx/ssa/SsaInsn;)V @ 64
Event: 3.880 Thread 0x0000000016803800 Uncommon trap: reason=unloaded action=reinterpret pc=0x0000000002d4b77c method=com.android.dx.ssa.LiteralOpUpgrader$1.visitNonMoveInsn(Lcom/android/dx/ssa/NormalSsaInsn;)V @ 72
Event: 3.881 Thread 0x0000000016803800 Uncommon trap: reason=unstable_if action=reinterpret pc=0x0000000002cc031c method=com.android.dx.ssa.SsaMethod.updateOneDefinition(Lcom/android/dx/ssa/SsaInsn;Lcom/android/dx/rop/code/RegisterSpec;)V @ 4
Event: 3.886 Thread 0x0000000016803800 Uncommon trap: reason=class_check action=maybe_recompile pc=0x0000000002e6933c method=com.android.dx.cf.code.BytecodeArray.parseInstruction(ILcom/android/dx/cf/code/BytecodeArray$Visitor;)I @ 1035
Event: 3.886 Thread 0x0000000016803800 Uncommon trap: reason=class_check action=maybe_recompile pc=0x0000000002e6933c method=com.android.dx.cf.code.BytecodeArray.parseInstruction(ILcom/android/dx/cf/code/BytecodeArray$Visitor;)I @ 1035
Event: 3.886 Thread 0x0000000016803800 Uncommon trap: reason=class_check action=maybe_recompile pc=0x0000000002e6933c method=com.android.dx.cf.code.BytecodeArray.parseInstruction(ILcom/android/dx/cf/code/BytecodeArray$Visitor;)I @ 1035

Internal exceptions (2 events):
Event: 0.063 Thread 0x000000000271e000 Exception <a 'java/lang/NoSuchMethodError': Method sun.misc.Unsafe.defineClass(Ljava/lang/String;[BII)Ljava/lang/Class; name or signature does not match> (0x00000000eab12b40) thrown at [C:\re\workspace\8-2-build-windows-amd64-cygwin\jdk8u45\3627\hotspot\sr
Event: 0.064 Thread 0x000000000271e000 Exception <a 'java/lang/NoSuchMethodError': Method sun.misc.Unsafe.prefetchRead(Ljava/lang/Object;J)V name or signature does not match> (0x00000000eab12dd0) thrown at [C:\re\workspace\8-2-build-windows-amd64-cygwin\jdk8u45\3627\hotspot\src\share\vm\prims\j

Events (10 events):
Event: 3.881 Thread 0x0000000016803800 DEOPT UNPACKING pc=0x000000000286582a sp=0x000000001723e648 mode 2
Event: 3.886 Thread 0x0000000016803800 Uncommon trap: trap_request=0xffffffde fr.pc=0x0000000002e6933c
Event: 3.886 Thread 0x0000000016803800 DEOPT PACKING pc=0x0000000002e6933c sp=0x000000001723e810
Event: 3.886 Thread 0x0000000016803800 DEOPT UNPACKING pc=0x000000000286582a sp=0x000000001723e7c0 mode 2
Event: 3.886 Thread 0x0000000016803800 Uncommon trap: trap_request=0xffffffde fr.pc=0x0000000002e6933c
Event: 3.886 Thread 0x0000000016803800 DEOPT PACKING pc=0x0000000002e6933c sp=0x000000001723e810
Event: 3.886 Thread 0x0000000016803800 DEOPT UNPACKING pc=0x000000000286582a sp=0x000000001723e7c0 mode 2
Event: 3.886 Thread 0x0000000016803800 Uncommon trap: trap_request=0xffffffde fr.pc=0x0000000002e6933c
Event: 3.886 Thread 0x0000000016803800 DEOPT PACKING pc=0x0000000002e6933c sp=0x000000001723e810
Event: 3.886 Thread 0x0000000016803800 DEOPT UNPACKING pc=0x000000000286582a sp=0x000000001723e7c0 mode 2


Dynamic libraries:
0x00007ff621e70000 - 0x00007ff621ea7000 	C:\Program Files\Java\jdk8\bin\java.exe
0x00007ffacd400000 - 0x00007ffacd5ad000 	C:\windows\SYSTEM32\ntdll.dll
0x00007ffacb080000 - 0x00007ffacb1be000 	C:\windows\system32\KERNEL32.DLL
0x00007ffaca970000 - 0x00007ffacaa86000 	C:\windows\system32\KERNELBASE.dll
0x00007ffac90b0000 - 0x00007ffac913e000 	C:\windows\system32\apphelp.dll
0x00007ffab0410000 - 0x00007ffab0463000 	C:\windows\AppPatch\AppPatch64\AcGenral.DLL
0x00007ffacaef0000 - 0x00007ffacaf9a000 	C:\windows\system32\msvcrt.dll
0x00007ffaca8e0000 - 0x00007ffaca90e000 	C:\windows\system32\SspiCli.dll
0x00007ffacac70000 - 0x00007ffacacc4000 	C:\windows\system32\SHLWAPI.dll
0x00007ffacaaf0000 - 0x00007ffacac67000 	C:\windows\system32\USER32.dll
0x00007ffaccf10000 - 0x00007ffacd0a4000 	C:\windows\system32\ole32.dll
0x00007ffacb450000 - 0x00007ffacc97c000 	C:\windows\system32\SHELL32.dll
0x00007ffac9af0000 - 0x00007ffac9b11000 	C:\windows\SYSTEM32\USERENV.dll
0x00007ffacd280000 - 0x00007ffacd32a000 	C:\windows\system32\ADVAPI32.dll
0x00007ffac2430000 - 0x00007ffac244e000 	C:\windows\SYSTEM32\MPR.dll
0x00007ffacca60000 - 0x00007ffaccba0000 	C:\windows\system32\RPCRT4.dll
0x00007ffacccf0000 - 0x00007ffaccd49000 	C:\windows\SYSTEM32\sechost.dll
0x00007ffacb230000 - 0x00007ffacb442000 	C:\windows\SYSTEM32\combase.dll
0x00007ffaccba0000 - 0x00007ffaccceb000 	C:\windows\system32\GDI32.dll
0x00007ffaca530000 - 0x00007ffaca545000 	C:\windows\SYSTEM32\profapi.dll
0x00007ffac8a80000 - 0x00007ffac8b32000 	C:\windows\SYSTEM32\SHCORE.dll
0x00007ffacaeb0000 - 0x00007ffacaee6000 	C:\windows\system32\IMM32.DLL
0x00007ffacd0b0000 - 0x00007ffacd201000 	C:\windows\system32\MSCTF.dll
0x00007ffac7d10000 - 0x00007ffac7f8b000 	C:\windows\WinSxS\amd64_microsoft.windows.common-controls_6595b64144ccf1df_6.0.9600.18006_none_623f33d3ecbe86e8\COMCTL32.dll
0x000000005b9f0000 - 0x000000005bac2000 	C:\Program Files\Java\jdk8\jre\bin\msvcr100.dll
0x000000005be70000 - 0x000000005c6f3000 	C:\Program Files\Java\jdk8\jre\bin\server\jvm.dll
0x00007ffac1ef0000 - 0x00007ffac1ef9000 	C:\windows\SYSTEM32\WSOCK32.dll
0x00007ffac50d0000 - 0x00007ffac50f2000 	C:\windows\SYSTEM32\WINMM.dll
0x00007ffac4300000 - 0x00007ffac430a000 	C:\windows\SYSTEM32\VERSION.dll
0x00007ffacd210000 - 0x00007ffacd217000 	C:\windows\system32\PSAPI.DLL
0x00007ffacd220000 - 0x00007ffacd27a000 	C:\windows\system32\WS2_32.dll
0x00007ffac5080000 - 0x00007ffac50aa000 	C:\windows\SYSTEM32\WINMMBASE.dll
0x00007ffacc980000 - 0x00007ffacc989000 	C:\windows\system32\NSI.dll
0x00007ffaca6b0000 - 0x00007ffaca6ff000 	C:\windows\SYSTEM32\cfgmgr32.dll
0x00007ffac9310000 - 0x00007ffac9338000 	C:\windows\SYSTEM32\DEVOBJ.dll
0x000000005be60000 - 0x000000005be6f000 	C:\Program Files\Java\jdk8\jre\bin\verify.dll
0x000000005be30000 - 0x000000005be59000 	C:\Program Files\Java\jdk8\jre\bin\java.dll
0x000000005be10000 - 0x000000005be26000 	C:\Program Files\Java\jdk8\jre\bin\zip.dll

VM Arguments:
jvm_args: -Djava.awt.headless=true -Xmx1024M -Dfile.encoding=windows-1255 -Duser.country=US -Duser.language=en -Duser.variant 
java_command: com.android.dx.command.Main --dex --num-threads=4 --output C:\Users\User\Desktop\Searcho-js-server-and-app\FileManager\app\build\intermediates\pre-dexed\debug\internal_impl-23.1.1_1997de9ea5498ca4e999bd19380b832b837f6a0f.jar C:\Users\User\Desktop\Searcho-js-server-and-app\FileManager\app\build\intermediates\exploded-aar\com.android.support\support-v4\23.1.1\jars\libs\internal_impl-23.1.1.jar
java_class_path (initial): C:\Users\User\AppData\Local\Android\sdk\build-tools\23.0.3\lib\dx.jar
Launcher Type: SUN_STANDARD

Environment Variables:
JAVA_HOME=C:\Program Files\Java\jdk8
USERNAME=Manuel
OS=Windows_NT
PROCESSOR_IDENTIFIER=Intel64 Family 6 Model 61 Stepping 4, GenuineIntel



---------------  S Y S T E M  ---------------

OS: Windows 8.1 , 64 bit Build 9600 (6.3.9600.17415)

CPU:total 4 (2 cores per cpu, 2 threads per core) family 6 model 61 stepping 4, cmov, cx8, fxsr, mmx, sse, sse2, sse3, ssse3, sse4.1, sse4.2, popcnt, avx, avx2, aes, clmul, erms, 3dnowpref, lzcnt, ht, tsc, tscinvbit, bmi1, bmi2, adx

Memory: 4k page, physical 8277100k(1367316k free), swap 8277100k(5088k free)

vm_info: Java HotSpot(TM) 64-Bit Server VM (25.45-b02) for windows-amd64 JRE (1.8.0_45-b15), built on Apr 30 2015 12:40:44 by "java_re" with MS VC++ 10.0 (VS2010)

time: Thu Jun 21 22:53:55 2018
elapsed time: 3 seconds (0d 0h 0m 3s)

