#
# There is insufficient memory for the Java Runtime Environment to continue.
# Native memory allocation (malloc) failed to allocate 43744 bytes for Chunk::new
# Possible reasons:
#   The system is out of physical RAM or swap space
#   In 32 bit mode, the process size limit was hit
# Possible solutions:
#   Reduce memory load on the system
#   Increase physical memory or swap space
#   Check if swap backing store is full
#   Use 64 bit Java on a 64 bit OS
#   Decrease Java heap size (-Xmx/-Xms)
#   Decrease number of Java threads
#   Decrease Java thread stack sizes (-Xss)
#   Set larger code cache with -XX:ReservedCodeCacheSize=
# This output file may be truncated or incomplete.
#
#  Out of Memory Error (allocation.cpp:390), pid=10912, tid=2472
#
# JRE version: Java(TM) SE Runtime Environment (8.0_45-b15) (build 1.8.0_45-b15)
# Java VM: Java HotSpot(TM) 64-Bit Server VM (25.45-b02 mixed mode windows-amd64 compressed oops)
# Failed to write core dump. Minidumps are not enabled by default on client versions of Windows
#

---------------  T H R E A D  ---------------

Current thread (0x000000001523e800):  JavaThread "C2 CompilerThread1" daemon [_thread_in_native, id=2472, stack(0x0000000016c40000,0x0000000016d40000)]

Stack: [0x0000000016c40000,0x0000000016d40000]
Native frames: (J=compiled Java code, j=interpreted, Vv=VM code, C=native code)
V  [jvm.dll+0x32b57a]


Current CompileTask:
C2:   3951 1396       4       com.android.dx.ssa.back.LivenessAnalyzer::run (231 bytes)


---------------  P R O C E S S  ---------------

Java Threads: ( => current thread )
  0x0000000016b82000 JavaThread "pool-1-thread-4" [_thread_blocked, id=7456, stack(0x0000000017c40000,0x0000000017d40000)]
  0x0000000016b7c800 JavaThread "pool-1-thread-3" [_thread_in_Java, id=11952, stack(0x0000000017b40000,0x0000000017c40000)]
  0x0000000016b7a000 JavaThread "pool-1-thread-2" [_thread_blocked, id=6588, stack(0x0000000017a40000,0x0000000017b40000)]
  0x0000000016b18800 JavaThread "pool-2-thread-1" [_thread_blocked, id=11892, stack(0x0000000017940000,0x0000000017a40000)]
  0x0000000016b15800 JavaThread "pool-1-thread-1" [_thread_blocked, id=10572, stack(0x0000000017840000,0x0000000017940000)]
  0x000000001689c800 JavaThread "Service Thread" daemon [_thread_blocked, id=6456, stack(0x0000000016e40000,0x0000000016f40000)]
  0x000000001688c800 JavaThread "C1 CompilerThread2" daemon [_thread_in_vm, id=11460, stack(0x0000000016d40000,0x0000000016e40000)]
=>0x000000001523e800 JavaThread "C2 CompilerThread1" daemon [_thread_in_native, id=2472, stack(0x0000000016c40000,0x0000000016d40000)]
  0x00000000151e9000 JavaThread "C2 CompilerThread0" daemon [_thread_in_native, id=8964, stack(0x0000000016740000,0x0000000016840000)]
  0x00000000151e7000 JavaThread "Attach Listener" daemon [_thread_blocked, id=10120, stack(0x0000000016640000,0x0000000016740000)]
  0x0000000015235000 JavaThread "Signal Dispatcher" daemon [_thread_blocked, id=6496, stack(0x0000000016540000,0x0000000016640000)]
  0x00000000151a9000 JavaThread "Finalizer" daemon [_thread_blocked, id=1852, stack(0x0000000016440000,0x0000000016540000)]
  0x0000000002aff800 JavaThread "Reference Handler" daemon [_thread_blocked, id=11328, stack(0x0000000016340000,0x0000000016440000)]
  0x000000000290e000 JavaThread "main" [_thread_in_vm, id=4092, stack(0x0000000002910000,0x0000000002a10000)]

Other Threads:
  0x00000000151a7000 VMThread [stack: 0x0000000016240000,0x0000000016340000] [id=10740]
  0x0000000016891000 WatcherThread [stack: 0x0000000016f40000,0x0000000017040000] [id=11220]

VM state:not at safepoint (normal execution)

VM Mutex/Monitor currently owned by a thread: None

Heap:
 PSYoungGen      total 38400K, used 17814K [0x00000000eab00000, 0x00000000ef600000, 0x0000000100000000)
  eden space 33280K, 38% used [0x00000000eab00000,0x00000000eb768fd8,0x00000000ecb80000)
  from space 5120K, 99% used [0x00000000ecb80000,0x00000000ed07c8e0,0x00000000ed080000)
  to   space 5120K, 0% used [0x00000000ef100000,0x00000000ef100000,0x00000000ef600000)
 ParOldGen       total 87552K, used 393K [0x00000000c0000000, 0x00000000c5580000, 0x00000000eab00000)
  object space 87552K, 0% used [0x00000000c0000000,0x00000000c00625e8,0x00000000c5580000)
 Metaspace       used 6103K, capacity 6960K, committed 7040K, reserved 1056768K
  class space    used 596K, capacity 616K, committed 640K, reserved 1048576K

Card table byte_map: [0x0000000011ed0000,0x00000000120e0000] byte_map_base: 0x00000000118d0000

Marking Bits: (ParMarkBitMap*) 0x000000005c674040
 Begin Bits: [0x0000000012640000, 0x0000000013640000)
 End Bits:   [0x0000000013640000, 0x0000000014640000)

Polling page: 0x0000000002840000

CodeCache: size=245760Kb used=5671Kb max_used=5683Kb free=240088Kb
 bounds [0x0000000002b10000, 0x00000000030b0000, 0x0000000011b10000]
 total_blobs=1667 nmethods=1397 adapters=182
 compilation: enabled

Compilation events (10 events):
Event: 3.909 Thread 0x000000001688c800 1394       3       com.android.dx.rop.type.Type::<init> (84 bytes)
Event: 3.909 Thread 0x000000001688c800 nmethod 1394 0x0000000003092ed0 code [0x0000000003093080, 0x00000000030935a8]
Event: 3.909 Thread 0x000000001688c800 1395   !   3       com.android.dx.rop.type.Type::putIntern (50 bytes)
Event: 3.910 Thread 0x000000001523e800 1396       4       com.android.dx.ssa.back.LivenessAnalyzer::run (231 bytes)
Event: 3.910 Thread 0x000000001688c800 nmethod 1395 0x000000000308cb90 code [0x000000000308cd80, 0x000000000308d858]
Event: 3.912 Thread 0x000000001688c800 1397       3       com.android.dx.cf.code.Ropper::getSpecialLabel (20 bytes)
Event: 3.913 Thread 0x000000001688c800 nmethod 1397 0x0000000003092810 code [0x0000000003092980, 0x0000000003092d50]
Event: 3.913 Thread 0x00000000151e9000 1398       4       java.util.ArrayList$SubList::<init> (46 bytes)
Event: 3.914 Thread 0x00000000151e9000 nmethod 1398 0x000000000309ec50 code [0x000000000309ed80, 0x000000000309ee18]
Event: 3.917 Thread 0x00000000151e9000 1399   !   4       com.android.dx.cf.code.BytecodeArray::parseInstruction (2764 bytes)

GC Heap History (2 events):
Event: 3.281 GC heap before
{Heap before GC invocations=1 (full 0):
 PSYoungGen      total 38400K, used 33280K [0x00000000eab00000, 0x00000000ed580000, 0x0000000100000000)
  eden space 33280K, 100% used [0x00000000eab00000,0x00000000ecb80000,0x00000000ecb80000)
  from space 5120K, 0% used [0x00000000ed080000,0x00000000ed080000,0x00000000ed580000)
  to   space 5120K, 0% used [0x00000000ecb80000,0x00000000ecb80000,0x00000000ed080000)
 ParOldGen       total 87552K, used 0K [0x00000000c0000000, 0x00000000c5580000, 0x00000000eab00000)
  object space 87552K, 0% used [0x00000000c0000000,0x00000000c0000000,0x00000000c5580000)
 Metaspace       used 5989K, capacity 6896K, committed 7040K, reserved 1056768K
  class space    used 596K, capacity 616K, committed 640K, reserved 1048576K
Event: 3.346 GC heap after
Heap after GC invocations=1 (full 0):
 PSYoungGen      total 38400K, used 5106K [0x00000000eab00000, 0x00000000ef600000, 0x0000000100000000)
  eden space 33280K, 0% used [0x00000000eab00000,0x00000000eab00000,0x00000000ecb80000)
  from space 5120K, 99% used [0x00000000ecb80000,0x00000000ed07c8e0,0x00000000ed080000)
  to   space 5120K, 0% used [0x00000000ef100000,0x00000000ef100000,0x00000000ef600000)
 ParOldGen       total 87552K, used 393K [0x00000000c0000000, 0x00000000c5580000, 0x00000000eab00000)
  object space 87552K, 0% used [0x00000000c0000000,0x00000000c00625e8,0x00000000c5580000)
 Metaspace       used 5989K, capacity 6896K, committed 7040K, reserved 1056768K
  class space    used 596K, capacity 616K, committed 640K, reserved 1048576K
}

Deoptimization events (10 events):
Event: 2.490 Thread 0x0000000016b82000 Uncommon trap: reason=class_check action=maybe_recompile pc=0x0000000002dfd8f0 method=com.android.dx.ssa.NormalSsaInsn.accept(Lcom/android/dx/ssa/SsaInsn$Visitor;)V @ 9
Event: 2.490 Thread 0x0000000016b82000 Uncommon trap: reason=class_check action=maybe_recompile pc=0x0000000002dfd8f0 method=com.android.dx.ssa.NormalSsaInsn.accept(Lcom/android/dx/ssa/SsaInsn$Visitor;)V @ 9
Event: 2.695 Thread 0x0000000016b82000 Uncommon trap: reason=unstable_if action=reinterpret pc=0x0000000002d67300 method=java.util.HashMap.getNode(ILjava/lang/Object;)Ljava/util/HashMap$Node; @ 62
Event: 2.704 Thread 0x0000000016b15800 Uncommon trap: reason=unstable_if action=reinterpret pc=0x0000000002df482c method=java.util.HashMap.getNode(ILjava/lang/Object;)Ljava/util/HashMap$Node; @ 62
Event: 2.995 Thread 0x000000000290e000 Uncommon trap: reason=class_check action=maybe_recompile pc=0x0000000002ed791c method=com.android.dx.rop.type.Type.equals(Ljava/lang/Object;)Z @ 8
Event: 2.995 Thread 0x000000000290e000 Uncommon trap: reason=class_check action=maybe_recompile pc=0x0000000002ed791c method=com.android.dx.rop.type.Type.equals(Ljava/lang/Object;)Z @ 8
Event: 2.995 Thread 0x000000000290e000 Uncommon trap: reason=class_check action=maybe_recompile pc=0x0000000002ed791c method=com.android.dx.rop.type.Type.equals(Ljava/lang/Object;)Z @ 8
Event: 2.997 Thread 0x000000000290e000 Uncommon trap: reason=unstable_if action=reinterpret pc=0x0000000002d92c70 method=java.util.BitSet.nextSetBit(I)I @ 87
Event: 3.000 Thread 0x000000000290e000 Uncommon trap: reason=class_check action=maybe_recompile pc=0x0000000002ed791c method=com.android.dx.rop.type.Type.equals(Ljava/lang/Object;)Z @ 8
Event: 3.350 Thread 0x000000000290e000 Uncommon trap: reason=class_check action=maybe_recompile pc=0x0000000002ed9398 method=com.android.dx.rop.type.Type.equals(Ljava/lang/Object;)Z @ 8

Internal exceptions (2 events):
Event: 0.084 Thread 0x000000000290e000 Exception <a 'java/lang/NoSuchMethodError': Method sun.misc.Unsafe.defineClass(Ljava/lang/String;[BII)Ljava/lang/Class; name or signature does not match> (0x00000000eab12f18) thrown at [C:\re\workspace\8-2-build-windows-amd64-cygwin\jdk8u45\3627\hotspot\sr¸ØËmµ?
Event: 0.084 Thread 0x000000000290e000 Exception <a 'java/lang/NoSuchMethodError': Method sun.misc.Unsafe.prefetchRead(Ljava/lang/Object;J)V name or signature does not match> (0x00000000eab131a8) thrown at [C:\re\workspace\8-2-build-windows-amd64-cygwin\jdk8u45\3627\hotspot\src\share\vm\prims\j

Events (10 events):
Event: 2.997 Thread 0x000000000290e000 DEOPT PACKING pc=0x0000000002d92c70 sp=0x0000000002a0e8b0
Event: 2.997 Thread 0x000000000290e000 DEOPT UNPACKING pc=0x0000000002b5582a sp=0x0000000002a0e848 mode 2
Event: 3.000 Thread 0x000000000290e000 Uncommon trap: trap_request=0xffffffde fr.pc=0x0000000002ed791c
Event: 3.000 Thread 0x000000000290e000 DEOPT PACKING pc=0x0000000002ed791c sp=0x0000000002a0e460
Event: 3.000 Thread 0x000000000290e000 DEOPT UNPACKING pc=0x0000000002b5582a sp=0x0000000002a0e398 mode 2
Event: 3.281 Executing VM operation: ParallelGCFailedAllocation
Event: 3.347 Executing VM operation: ParallelGCFailedAllocation done
Event: 3.350 Thread 0x000000000290e000 Uncommon trap: trap_request=0xffffffde fr.pc=0x0000000002ed9398
Event: 3.350 Thread 0x000000000290e000 DEOPT PACKING pc=0x0000000002ed9398 sp=0x0000000002a0dca0
Event: 3.350 Thread 0x000000000290e000 DEOPT UNPACKING pc=0x0000000002b5582a sp=0x0000000002a0da80 mode 2


Dynamic libraries:
0x00007ff621e70000 - 0x00007ff621ea7000 	C:\Program Files\Java\jdk8\bin\java.exe
0x00007ffacd400000 - 0x00007ffacd5ad000 	C:\windows\SYSTEM32\ntdll.dll
0x00007ffacb080000 - 0x00007ffacb1be000 	C:\windows\system32\KERNEL32.DLL
0x00007ffaca970000 - 0x00007ffacaa86000 	C:\windows\system32\KERNELBASE.dll
0x00007ffac90b0000 - 0x00007ffac913e000 	C:\windows\system32\apphelp.dll
0x00007ffab0410000 - 0x00007ffab0463000 	C:\windows\AppPatch\AppPatch64\AcGenral.DLL
0x00007ffacaef0000 - 0x00007ffacaf9a000 	C:\windows\system32\msvcrt.dll
0x00007ffaca8e0000 - 0x00007ffaca90e000 	C:\windows\system32\SspiCli.dll
0x00007ffacac70000 - 0x00007ffacacc4000 	C:\windows\system32\SHLWAPI.dll
0x00007ffacaaf0000 - 0x00007ffacac67000 	C:\windows\system32\USER32.dll
0x00007ffaccf10000 - 0x00007ffacd0a4000 	C:\windows\system32\ole32.dll
0x00007ffacb450000 - 0x00007ffacc97c000 	C:\windows\system32\SHELL32.dll
0x00007ffac9af0000 - 0x00007ffac9b11000 	C:\windows\SYSTEM32\USERENV.dll
0x00007ffacd280000 - 0x00007ffacd32a000 	C:\windows\system32\ADVAPI32.dll
0x00007ffac2430000 - 0x00007ffac244e000 	C:\windows\SYSTEM32\MPR.dll
0x00007ffacca60000 - 0x00007ffaccba0000 	C:\windows\system32\RPCRT4.dll
0x00007ffacccf0000 - 0x00007ffaccd49000 	C:\windows\SYSTEM32\sechost.dll
0x00007ffacb230000 - 0x00007ffacb442000 	C:\windows\SYSTEM32\combase.dll
0x00007ffaccba0000 - 0x00007ffaccceb000 	C:\windows\system32\GDI32.dll
0x00007ffaca530000 - 0x00007ffaca545000 	C:\windows\SYSTEM32\profapi.dll
0x00007ffac8a80000 - 0x00007ffac8b32000 	C:\windows\SYSTEM32\SHCORE.dll
0x00007ffacaeb0000 - 0x00007ffacaee6000 	C:\windows\system32\IMM32.DLL
0x00007ffacd0b0000 - 0x00007ffacd201000 	C:\windows\system32\MSCTF.dll
0x00007ffac7d10000 - 0x00007ffac7f8b000 	C:\windows\WinSxS\amd64_microsoft.windows.common-controls_6595b64144ccf1df_6.0.9600.18006_none_623f33d3ecbe86e8\COMCTL32.dll
0x000000005b9f0000 - 0x000000005bac2000 	C:\Program Files\Java\jdk8\jre\bin\msvcr100.dll
0x000000005be70000 - 0x000000005c6f3000 	C:\Program Files\Java\jdk8\jre\bin\server\jvm.dll
0x00007ffac1ef0000 - 0x00007ffac1ef9000 	C:\windows\SYSTEM32\WSOCK32.dll
0x00007ffac50d0000 - 0x00007ffac50f2000 	C:\windows\SYSTEM32\WINMM.dll
0x00007ffac4300000 - 0x00007ffac430a000 	C:\windows\SYSTEM32\VERSION.dll
0x00007ffacd210000 - 0x00007ffacd217000 	C:\windows\system32\PSAPI.DLL
0x00007ffacd220000 - 0x00007ffacd27a000 	C:\windows\system32\WS2_32.dll
0x00007ffac5080000 - 0x00007ffac50aa000 	C:\windows\SYSTEM32\WINMMBASE.dll
0x00007ffacc980000 - 0x00007ffacc989000 	C:\windows\system32\NSI.dll
0x00007ffaca6b0000 - 0x00007ffaca6ff000 	C:\windows\SYSTEM32\cfgmgr32.dll
0x00007ffac9310000 - 0x00007ffac9338000 	C:\windows\SYSTEM32\DEVOBJ.dll
0x000000005be60000 - 0x000000005be6f000 	C:\Program Files\Java\jdk8\jre\bin\verify.dll
0x000000005be30000 - 0x000000005be59000 	C:\Program Files\Java\jdk8\jre\bin\java.dll
0x000000005be10000 - 0x000000005be26000 	C:\Program Files\Java\jdk8\jre\bin\zip.dll

VM Arguments:
jvm_args: -Djava.awt.headless=true -Xmx1024M -Dfile.encoding=windows-1255 -Duser.country=US -Duser.language=en -Duser.variant 
java_command: com.android.dx.command.Main --dex --num-threads=4 --output C:\Users\User\Desktop\Searcho-js-server-and-app\FileManager\app\build\intermediates\pre-dexed\debug\com.android.support-support-v4-23.1.1_2e1ddf197ae2ce0fbe80c919f2138b61c3309b89.jar C:\Users\User\Desktop\Searcho-js-server-and-app\FileManager\app\build\intermediates\exploded-aar\com.android.support\support-v4\23.1.1\jars\classes.jar
java_class_path (initial): C:\Users\User\AppData\Local\Android\sdk\build-tools\23.0.3\lib\dx.jar
Launcher Type: SUN_STANDARD

Environment Variables:
JAVA_HOME=C:\Program Files\Java\jdk8
USERNAME=Manuel
OS=Windows_NT
PROCESSOR_IDENTIFIER=Intel64 Family 6 Model 61 Stepping 4, GenuineIntel



---------------  S Y S T E M  ---------------

OS: Windows 8.1 , 64 bit Build 9600 (6.3.9600.17415)

CPU:total 4 (2 cores per cpu, 2 threads per core) family 6 model 61 stepping 4, cmov, cx8, fxsr, mmx, sse, sse2, sse3, ssse3, sse4.1, sse4.2, popcnt, avx, avx2, aes, clmul, erms, 3dnowpref, lzcnt, ht, tsc, tscinvbit, bmi1, bmi2, adx

Memory: 4k page, physical 8277100k(1367332k free), swap 8277100k(5104k free)

vm_info: Java HotSpot(TM) 64-Bit Server VM (25.45-b02) for windows-amd64 JRE (1.8.0_45-b15), built on Apr 30 2015 12:40:44 by "java_re" with MS VC++ 10.0 (VS2010)

time: Thu Jun 21 22:53:55 2018
elapsed time: 3 seconds (0d 0h 0m 3s)

