#
# There is insufficient memory for the Java Runtime Environment to continue.
# Native memory allocation (malloc) failed to allocate 82128 bytes for Chunk::new
# Possible reasons:
#   The system is out of physical RAM or swap space
#   In 32 bit mode, the process size limit was hit
# Possible solutions:
#   Reduce memory load on the system
#   Increase physical memory or swap space
#   Check if swap backing store is full
#   Use 64 bit Java on a 64 bit OS
#   Decrease Java heap size (-Xmx/-Xms)
#   Decrease number of Java threads
#   Decrease Java thread stack sizes (-Xss)
#   Set larger code cache with -XX:ReservedCodeCacheSize=
# This output file may be truncated or incomplete.
#
#  Out of Memory Error (allocation.cpp:390), pid=11428, tid=6456
#
# JRE version: Java(TM) SE Runtime Environment (8.0_45-b15) (build 1.8.0_45-b15)
# Java VM: Java HotSpot(TM) 64-Bit Server VM (25.45-b02 mixed mode windows-amd64 compressed oops)
# Failed to write core dump. Minidumps are not enabled by default on client versions of Windows
#

---------------  T H R E A D  ---------------

Current thread (0x0000000014b38000):  JavaThread "C2 CompilerThread0" daemon [_thread_in_native, id=6456, stack(0x0000000016080000,0x0000000016180000)]

Stack: [0x0000000016080000,0x0000000016180000]
Native frames: (J=compiled Java code, j=interpreted, Vv=VM code, C=native code)
V  [jvm.dll+0x32b57a]


Current CompileTask:
C2:   2845  196       4       java.util.regex.Pattern$BnM::optimize (179 bytes)


---------------  P R O C E S S  ---------------

Java Threads: ( => current thread )
  0x00000000161d3800 JavaThread "Service Thread" daemon [_thread_blocked, id=11836, stack(0x0000000016780000,0x0000000016880000)]
  0x0000000014b40800 JavaThread "C1 CompilerThread2" daemon [_thread_blocked, id=13176, stack(0x0000000016680000,0x0000000016780000)]
  0x0000000014b8e800 JavaThread "C2 CompilerThread1" daemon [_thread_in_native, id=11496, stack(0x0000000016580000,0x0000000016680000)]
=>0x0000000014b38000 JavaThread "C2 CompilerThread0" daemon [_thread_in_native, id=6456, stack(0x0000000016080000,0x0000000016180000)]
  0x0000000014b36000 JavaThread "Attach Listener" daemon [_thread_blocked, id=12300, stack(0x0000000015f80000,0x0000000016080000)]
  0x0000000014b84000 JavaThread "Signal Dispatcher" daemon [_thread_blocked, id=12892, stack(0x0000000015e80000,0x0000000015f80000)]
  0x0000000002457000 JavaThread "Finalizer" daemon [_thread_blocked, id=13004, stack(0x0000000015d80000,0x0000000015e80000)]
  0x000000000244e000 JavaThread "Reference Handler" daemon [_thread_blocked, id=12116, stack(0x0000000015c80000,0x0000000015d80000)]
  0x0000000000aee000 JavaThread "main" [_thread_in_Java, id=10960, stack(0x0000000002260000,0x0000000002360000)]

Other Threads:
  0x0000000014af8000 VMThread [stack: 0x0000000015b80000,0x0000000015c80000] [id=9736]
  0x00000000161f5000 WatcherThread [stack: 0x0000000016880000,0x0000000016980000] [id=9144]

VM state:not at safepoint (normal execution)

VM Mutex/Monitor currently owned by a thread: None

Heap:
 PSYoungGen      total 38400K, used 5991K [0x00000000eab00000, 0x00000000ed580000, 0x0000000100000000)
  eden space 33280K, 18% used [0x00000000eab00000,0x00000000eb0d9c60,0x00000000ecb80000)
  from space 5120K, 0% used [0x00000000ed080000,0x00000000ed080000,0x00000000ed580000)
  to   space 5120K, 0% used [0x00000000ecb80000,0x00000000ecb80000,0x00000000ed080000)
 ParOldGen       total 87552K, used 0K [0x00000000c0000000, 0x00000000c5580000, 0x00000000eab00000)
  object space 87552K, 0% used [0x00000000c0000000,0x00000000c0000000,0x00000000c5580000)
 Metaspace       used 3551K, capacity 4720K, committed 4864K, reserved 1056768K
  class space    used 379K, capacity 424K, committed 512K, reserved 1048576K

Card table byte_map: [0x0000000011820000,0x0000000011a30000] byte_map_base: 0x0000000011220000

Marking Bits: (ParMarkBitMap*) 0x000000005c674040
 Begin Bits: [0x0000000011f90000, 0x0000000012f90000)
 End Bits:   [0x0000000012f90000, 0x0000000013f90000)

Polling page: 0x00000000008c0000

CodeCache: size=245760Kb used=1503Kb max_used=1515Kb free=244256Kb
 bounds [0x0000000002460000, 0x00000000026d0000, 0x0000000011460000]
 total_blobs=445 nmethods=194 adapters=164
 compilation: enabled

Compilation events (10 events):
Event: 2.833 Thread 0x0000000014b38000  191       4       java.util.regex.Matcher::reset (83 bytes)
Event: 2.834 Thread 0x0000000014b40800  192       3       com.android.dx.cf.direct.ClassPathOpener$3::compare (13 bytes)
Event: 2.834 Thread 0x0000000014b40800 nmethod 192 0x00000000025d5590 code [0x00000000025d5720, 0x00000000025d5c88]
Event: 2.834 Thread 0x0000000014b40800  193       3       com.android.dx.cf.direct.ClassPathOpener$3::compare (12 bytes)
Event: 2.834 Thread 0x0000000014b8e800  194 %     4       java.lang.String::replace @ 20 (127 bytes)
Event: 2.834 Thread 0x0000000014b40800 nmethod 193 0x00000000025d4fd0 code [0x00000000025d5140, 0x00000000025d5468]
Event: 2.835 Thread 0x0000000014b40800  195       3       com.android.dx.cf.direct.ClassPathOpener::compareClassNames (42 bytes)
Event: 2.836 Thread 0x0000000014b40800 nmethod 195 0x00000000025da110 code [0x00000000025da360, 0x00000000025dafc8]
Event: 2.836 Thread 0x0000000014b38000 nmethod 191 0x00000000025d4c10 code [0x00000000025d4d60, 0x00000000025d4e98]
Event: 2.836 Thread 0x0000000014b38000  196       4       java.util.regex.Pattern$BnM::optimize (179 bytes)

GC Heap History (0 events):
No events

Deoptimization events (0 events):
No events

Internal exceptions (2 events):
Event: 0.067 Thread 0x0000000000aee000 Exception <a 'java/lang/NoSuchMethodError': Method sun.misc.Unsafe.defineClass(Ljava/lang/String;[BII)Ljava/lang/Class; name or signature does not match> (0x00000000eab12b40) thrown at [C:\re\workspace\8-2-build-windows-amd64-cygwin\jdk8u45\3627\hotspot\srÂ~(Šº±?
Event: 0.067 Thread 0x0000000000aee000 Exception <a 'java/lang/NoSuchMethodError': Method sun.misc.Unsafe.prefetchRead(Ljava/lang/Object;J)V name or signature does not match> (0x00000000eab12dd0) thrown at [C:\re\workspace\8-2-build-windows-amd64-cygwin\jdk8u45\3627\hotspot\src\share\vm\prims\j

Events (10 events):
Event: 2.810 loading class java/util/regex/Pattern$SliceNode done
Event: 2.810 loading class java/util/regex/Pattern$Slice done
Event: 2.810 loading class java/util/regex/Pattern$BnM
Event: 2.810 loading class java/util/regex/Pattern$BnM done
Event: 2.810 loading class java/util/regex/Pattern$SliceS
Event: 2.810 loading class java/util/regex/Pattern$SliceS done
Event: 2.810 loading class java/util/regex/Matcher
Event: 2.810 loading class java/util/regex/MatchResult
Event: 2.810 loading class java/util/regex/MatchResult done
Event: 2.810 loading class java/util/regex/Matcher done


Dynamic libraries:
0x00007ff621e70000 - 0x00007ff621ea7000 	C:\Program Files\Java\jdk8\bin\java.exe
0x00007ffacd400000 - 0x00007ffacd5ad000 	C:\windows\SYSTEM32\ntdll.dll
0x00007ffacb080000 - 0x00007ffacb1be000 	C:\windows\system32\KERNEL32.DLL
0x00007ffaca970000 - 0x00007ffacaa86000 	C:\windows\system32\KERNELBASE.dll
0x00007ffac90b0000 - 0x00007ffac913e000 	C:\windows\system32\apphelp.dll
0x00007ffab0450000 - 0x00007ffab04a3000 	C:\windows\AppPatch\AppPatch64\AcGenral.DLL
0x00007ffacaef0000 - 0x00007ffacaf9a000 	C:\windows\system32\msvcrt.dll
0x00007ffaca8e0000 - 0x00007ffaca90e000 	C:\windows\system32\SspiCli.dll
0x00007ffacac70000 - 0x00007ffacacc4000 	C:\windows\system32\SHLWAPI.dll
0x00007ffacaaf0000 - 0x00007ffacac67000 	C:\windows\system32\USER32.dll
0x00007ffaccf10000 - 0x00007ffacd0a4000 	C:\windows\system32\ole32.dll
0x00007ffacb450000 - 0x00007ffacc97c000 	C:\windows\system32\SHELL32.dll
0x00007ffac9af0000 - 0x00007ffac9b11000 	C:\windows\SYSTEM32\USERENV.dll
0x00007ffacd280000 - 0x00007ffacd32a000 	C:\windows\system32\ADVAPI32.dll
0x00007ffac2430000 - 0x00007ffac244e000 	C:\windows\SYSTEM32\MPR.dll
0x00007ffacca60000 - 0x00007ffaccba0000 	C:\windows\system32\RPCRT4.dll
0x00007ffacccf0000 - 0x00007ffaccd49000 	C:\windows\SYSTEM32\sechost.dll
0x00007ffacb230000 - 0x00007ffacb442000 	C:\windows\SYSTEM32\combase.dll
0x00007ffaccba0000 - 0x00007ffaccceb000 	C:\windows\system32\GDI32.dll
0x00007ffaca530000 - 0x00007ffaca545000 	C:\windows\SYSTEM32\profapi.dll
0x00007ffac8a80000 - 0x00007ffac8b32000 	C:\windows\SYSTEM32\SHCORE.dll
0x00007ffacaeb0000 - 0x00007ffacaee6000 	C:\windows\system32\IMM32.DLL
0x00007ffacd0b0000 - 0x00007ffacd201000 	C:\windows\system32\MSCTF.dll
0x00007ffac7d10000 - 0x00007ffac7f8b000 	C:\windows\WinSxS\amd64_microsoft.windows.common-controls_6595b64144ccf1df_6.0.9600.18006_none_623f33d3ecbe86e8\COMCTL32.dll
0x000000005b9f0000 - 0x000000005bac2000 	C:\Program Files\Java\jdk8\jre\bin\msvcr100.dll
0x000000005be70000 - 0x000000005c6f3000 	C:\Program Files\Java\jdk8\jre\bin\server\jvm.dll
0x00007ffac1ef0000 - 0x00007ffac1ef9000 	C:\windows\SYSTEM32\WSOCK32.dll
0x00007ffac50d0000 - 0x00007ffac50f2000 	C:\windows\SYSTEM32\WINMM.dll
0x00007ffac4300000 - 0x00007ffac430a000 	C:\windows\SYSTEM32\VERSION.dll
0x00007ffacd210000 - 0x00007ffacd217000 	C:\windows\system32\PSAPI.DLL
0x00007ffacd220000 - 0x00007ffacd27a000 	C:\windows\system32\WS2_32.dll
0x00007ffac5080000 - 0x00007ffac50aa000 	C:\windows\SYSTEM32\WINMMBASE.dll
0x00007ffacc980000 - 0x00007ffacc989000 	C:\windows\system32\NSI.dll
0x00007ffaca6b0000 - 0x00007ffaca6ff000 	C:\windows\SYSTEM32\cfgmgr32.dll
0x00007ffac9310000 - 0x00007ffac9338000 	C:\windows\SYSTEM32\DEVOBJ.dll
0x000000005be60000 - 0x000000005be6f000 	C:\Program Files\Java\jdk8\jre\bin\verify.dll
0x000000005be30000 - 0x000000005be59000 	C:\Program Files\Java\jdk8\jre\bin\java.dll
0x000000005be10000 - 0x000000005be26000 	C:\Program Files\Java\jdk8\jre\bin\zip.dll

VM Arguments:
jvm_args: -Djava.awt.headless=true -Xmx1024M -Dfile.encoding=windows-1255 -Duser.country=US -Duser.language=en -Duser.variant 
java_command: com.android.dx.command.Main --dex --num-threads=4 --output C:\Users\User\Desktop\Searcho-js-server-and-app\FileManager\app\build\intermediates\pre-dexed\debug\internal_impl-23.1.1_1997de9ea5498ca4e999bd19380b832b837f6a0f.jar C:\Users\User\Desktop\Searcho-js-server-and-app\FileManager\app\build\intermediates\exploded-aar\com.android.support\support-v4\23.1.1\jars\libs\internal_impl-23.1.1.jar
java_class_path (initial): C:\Users\User\AppData\Local\Android\sdk\build-tools\23.0.3\lib\dx.jar
Launcher Type: SUN_STANDARD

Environment Variables:
JAVA_HOME=C:\Program Files\Java\jdk8
USERNAME=Manuel
OS=Windows_NT
PROCESSOR_IDENTIFIER=Intel64 Family 6 Model 61 Stepping 4, GenuineIntel



---------------  S Y S T E M  ---------------

OS: Windows 8.1 , 64 bit Build 9600 (6.3.9600.17415)

CPU:total 4 (2 cores per cpu, 2 threads per core) family 6 model 61 stepping 4, cmov, cx8, fxsr, mmx, sse, sse2, sse3, ssse3, sse4.1, sse4.2, popcnt, avx, avx2, aes, clmul, erms, 3dnowpref, lzcnt, ht, tsc, tscinvbit, bmi1, bmi2, adx

Memory: 4k page, physical 8277100k(1375780k free), swap 8277100k(4072k free)

vm_info: Java HotSpot(TM) 64-Bit Server VM (25.45-b02) for windows-amd64 JRE (1.8.0_45-b15), built on Apr 30 2015 12:40:44 by "java_re" with MS VC++ 10.0 (VS2010)

time: Thu Jun 21 23:59:47 2018
elapsed time: 2 seconds (0d 0h 0m 2s)

