#
# There is insufficient memory for the Java Runtime Environment to continue.
# Native memory allocation (malloc) failed to allocate 786176 bytes for Chunk::new
# Possible reasons:
#   The system is out of physical RAM or swap space
#   In 32 bit mode, the process size limit was hit
# Possible solutions:
#   Reduce memory load on the system
#   Increase physical memory or swap space
#   Check if swap backing store is full
#   Use 64 bit Java on a 64 bit OS
#   Decrease Java heap size (-Xmx/-Xms)
#   Decrease number of Java threads
#   Decrease Java thread stack sizes (-Xss)
#   Set larger code cache with -XX:ReservedCodeCacheSize=
# This output file may be truncated or incomplete.
#
#  Out of Memory Error (allocation.cpp:390), pid=9740, tid=11660
#
# JRE version: Java(TM) SE Runtime Environment (8.0_45-b15) (build 1.8.0_45-b15)
# Java VM: Java HotSpot(TM) 64-Bit Server VM (25.45-b02 mixed mode windows-amd64 compressed oops)
# Failed to write core dump. Minidumps are not enabled by default on client versions of Windows
#

---------------  T H R E A D  ---------------

Current thread (0x0000000015dc5800):  JavaThread "C2 CompilerThread1" daemon [_thread_in_native, id=11660, stack(0x0000000016180000,0x0000000016280000)]

Stack: [0x0000000016180000,0x0000000016280000]
Native frames: (J=compiled Java code, j=interpreted, Vv=VM code, C=native code)
V  [jvm.dll+0x32b57a]


Current CompileTask:
C2:   2083 1237       4       com.android.dx.ssa.SCCP::simulateStmt (481 bytes)


---------------  P R O C E S S  ---------------

Java Threads: ( => current thread )
  0x0000000015ff7000 JavaThread "pool-1-thread-4" [_thread_in_Java, id=8220, stack(0x0000000016980000,0x0000000016a80000)]
  0x0000000015ff6800 JavaThread "pool-1-thread-3" [_thread_in_Java, id=1192, stack(0x0000000016880000,0x0000000016980000)]
  0x0000000015ff5800 JavaThread "pool-1-thread-2" [_thread_blocked, id=2940, stack(0x0000000016780000,0x0000000016880000)]
  0x0000000015ff5000 JavaThread "pool-2-thread-1" [_thread_blocked, id=11804, stack(0x0000000016680000,0x0000000016780000)]
  0x0000000015ff2800 JavaThread "pool-1-thread-1" [_thread_blocked, id=12060, stack(0x0000000016580000,0x0000000016680000)]
  0x0000000015dd8800 JavaThread "Service Thread" daemon [_thread_blocked, id=11320, stack(0x0000000016380000,0x0000000016480000)]
  0x0000000015dcb800 JavaThread "C1 CompilerThread2" daemon [_thread_blocked, id=11956, stack(0x0000000016280000,0x0000000016380000)]
=>0x0000000015dc5800 JavaThread "C2 CompilerThread1" daemon [_thread_in_native, id=11660, stack(0x0000000016180000,0x0000000016280000)]
  0x000000001477c000 JavaThread "C2 CompilerThread0" daemon [_thread_in_native, id=1864, stack(0x0000000015c80000,0x0000000015d80000)]
  0x0000000014779800 JavaThread "Attach Listener" daemon [_thread_blocked, id=11560, stack(0x0000000015b80000,0x0000000015c80000)]
  0x0000000014779000 JavaThread "Signal Dispatcher" daemon [_thread_blocked, id=10808, stack(0x0000000015a80000,0x0000000015b80000)]
  0x0000000002058800 JavaThread "Finalizer" daemon [_thread_blocked, id=9528, stack(0x0000000015980000,0x0000000015a80000)]
  0x0000000002050800 JavaThread "Reference Handler" daemon [_thread_blocked, id=11152, stack(0x0000000015880000,0x0000000015980000)]
  0x0000000001f4e000 JavaThread "main" [_thread_in_Java, id=9444, stack(0x0000000001e10000,0x0000000001f10000)]

Other Threads:
  0x00000000146f7800 VMThread [stack: 0x0000000015780000,0x0000000015880000] [id=9760]
  0x0000000015dfa000 WatcherThread [stack: 0x0000000016480000,0x0000000016580000] [id=11052]

VM state:not at safepoint (normal execution)

VM Mutex/Monitor currently owned by a thread: None

Heap:
 PSYoungGen      total 38400K, used 11030K [0x00000000eab00000, 0x00000000ef600000, 0x0000000100000000)
  eden space 33280K, 17% used [0x00000000eab00000,0x00000000eb0cc668,0x00000000ecb80000)
  from space 5120K, 99% used [0x00000000ecb80000,0x00000000ed0791a8,0x00000000ed080000)
  to   space 5120K, 0% used [0x00000000ef100000,0x00000000ef100000,0x00000000ef600000)
 ParOldGen       total 87552K, used 805K [0x00000000c0000000, 0x00000000c5580000, 0x00000000eab00000)
  object space 87552K, 0% used [0x00000000c0000000,0x00000000c00c9700,0x00000000c5580000)
 Metaspace       used 5964K, capacity 6896K, committed 7040K, reserved 1056768K
  class space    used 589K, capacity 616K, committed 640K, reserved 1048576K

Card table byte_map: [0x0000000011420000,0x0000000011630000] byte_map_base: 0x0000000010e20000

Marking Bits: (ParMarkBitMap*) 0x000000005c674040
 Begin Bits: [0x0000000011b90000, 0x0000000012b90000)
 End Bits:   [0x0000000012b90000, 0x0000000013b90000)

Polling page: 0x00000000004b0000

CodeCache: size=245760Kb used=4934Kb max_used=4934Kb free=240825Kb
 bounds [0x0000000002060000, 0x0000000002540000, 0x0000000011060000]
 total_blobs=1547 nmethods=1278 adapters=182
 compilation: enabled

Compilation events (10 events):
Event: 2.048 Thread 0x0000000015dcb800 1284       3       com.android.dx.ssa.back.FirstFitLocalCombiningAllocator::handleNormalUnassociated (99 bytes)
Event: 2.049 Thread 0x0000000015dcb800 nmethod 1284 0x0000000002531f90 code [0x0000000002532240, 0x00000000025335f8]
Event: 2.049 Thread 0x0000000015dcb800 1256       3       com.android.dx.dex.code.RopTranslator$TranslationVisitor::getNextMoveResultPseudo (55 bytes)
Event: 2.050 Thread 0x0000000015dcb800 nmethod 1256 0x0000000002534090 code [0x0000000002534240, 0x0000000002534b38]
Event: 2.050 Thread 0x0000000015dcb800 1274       3       java.util.Vector::<init> (49 bytes)
Event: 2.050 Thread 0x0000000015dcb800 nmethod 1274 0x0000000002534d90 code [0x0000000002534f80, 0x0000000002535978]
Event: 2.050 Thread 0x0000000015dcb800 1283       3       com.android.dx.rop.code.RegisterSpecList::make (17 bytes)
Event: 2.051 Thread 0x0000000015dcb800 nmethod 1283 0x0000000002535e10 code [0x0000000002535fe0, 0x00000000025368a8]
Event: 2.051 Thread 0x0000000015dcb800 1257       1       com.android.dx.dex.file.DexFile::getFieldIds (5 bytes)
Event: 2.051 Thread 0x0000000015dcb800 nmethod 1257 0x00000000024ff550 code [0x00000000024ff6a0, 0x00000000024ff7b0]

GC Heap History (2 events):
Event: 1.841 GC heap before
{Heap before GC invocations=1 (full 0):
 PSYoungGen      total 38400K, used 33280K [0x00000000eab00000, 0x00000000ed580000, 0x0000000100000000)
  eden space 33280K, 100% used [0x00000000eab00000,0x00000000ecb80000,0x00000000ecb80000)
  from space 5120K, 0% used [0x00000000ed080000,0x00000000ed080000,0x00000000ed580000)
  to   space 5120K, 0% used [0x00000000ecb80000,0x00000000ecb80000,0x00000000ed080000)
 ParOldGen       total 87552K, used 0K [0x00000000c0000000, 0x00000000c5580000, 0x00000000eab00000)
  object space 87552K, 0% used [0x00000000c0000000,0x00000000c0000000,0x00000000c5580000)
 Metaspace       used 5920K, capacity 6832K, committed 7040K, reserved 1056768K
  class space    used 589K, capacity 616K, committed 640K, reserved 1048576K
Event: 2.006 GC heap after
Heap after GC invocations=1 (full 0):
 PSYoungGen      total 38400K, used 5092K [0x00000000eab00000, 0x00000000ef600000, 0x0000000100000000)
  eden space 33280K, 0% used [0x00000000eab00000,0x00000000eab00000,0x00000000ecb80000)
  from space 5120K, 99% used [0x00000000ecb80000,0x00000000ed0791a8,0x00000000ed080000)
  to   space 5120K, 0% used [0x00000000ef100000,0x00000000ef100000,0x00000000ef600000)
 ParOldGen       total 87552K, used 805K [0x00000000c0000000, 0x00000000c5580000, 0x00000000eab00000)
  object space 87552K, 0% used [0x00000000c0000000,0x00000000c00c9700,0x00000000c5580000)
 Metaspace       used 5920K, capacity 6832K, committed 7040K, reserved 1056768K
  class space    used 589K, capacity 616K, committed 640K, reserved 1048576K
}

Deoptimization events (2 events):
Event: 1.157 Thread 0x0000000015ff6800 Uncommon trap: reason=unstable_if action=reinterpret pc=0x000000000238e35c method=com.android.dx.rop.cst.Constant.compareTo(Lcom/android/dx/rop/cst/Constant;)I @ 12
Event: 1.181 Thread 0x0000000015ff5800 Uncommon trap: reason=unstable_if action=reinterpret pc=0x00000000023816fc method=com.android.dx.rop.code.LocalItem.hashCode()I @ 25

Internal exceptions (2 events):
Event: 0.045 Thread 0x0000000001f4e000 Exception <a 'java/lang/NoSuchMethodError': Method sun.misc.Unsafe.defineClass(Ljava/lang/String;[BII)Ljava/lang/Class; name or signature does not match> (0x00000000eab12b40) thrown at [C:\re\workspace\8-2-build-windows-amd64-cygwin\jdk8u45\3627\hotspot\sr‰éVß?
Event: 0.045 Thread 0x0000000001f4e000 Exception <a 'java/lang/NoSuchMethodError': Method sun.misc.Unsafe.prefetchRead(Ljava/lang/Object;J)V name or signature does not match> (0x00000000eab12dd0) thrown at [C:\re\workspace\8-2-build-windows-amd64-cygwin\jdk8u45\3627\hotspot\src\share\vm\prims\j

Events (10 events):
Event: 1.181 Thread 0x0000000015ff5800 DEOPT PACKING pc=0x00000000023816fc sp=0x000000001687edf0
Event: 1.181 Thread 0x0000000015ff5800 DEOPT UNPACKING pc=0x00000000020a582a sp=0x000000001687ec58 mode 2
Event: 1.197 loading class java/util/TreeMap$EntrySet
Event: 1.197 loading class java/util/TreeMap$EntrySet done
Event: 1.204 loading class java/util/TreeMap$EntryIterator
Event: 1.204 loading class java/util/TreeMap$EntryIterator done
Event: 1.204 Executing VM operation: Deoptimize
Event: 1.205 Executing VM operation: Deoptimize done
Event: 1.610 Executing VM operation: ParallelGCFailedAllocation
Event: 2.006 Executing VM operation: ParallelGCFailedAllocation done


Dynamic libraries:
0x00007ff621e70000 - 0x00007ff621ea7000 	C:\Program Files\Java\jdk8\bin\java.exe
0x00007ffacd400000 - 0x00007ffacd5ad000 	C:\windows\SYSTEM32\ntdll.dll
0x00007ffacb080000 - 0x00007ffacb1be000 	C:\windows\system32\KERNEL32.DLL
0x00007ffaca970000 - 0x00007ffacaa86000 	C:\windows\system32\KERNELBASE.dll
0x00007ffac90b0000 - 0x00007ffac913e000 	C:\windows\system32\apphelp.dll
0x00007ffab0410000 - 0x00007ffab0463000 	C:\windows\AppPatch\AppPatch64\AcGenral.DLL
0x00007ffacaef0000 - 0x00007ffacaf9a000 	C:\windows\system32\msvcrt.dll
0x00007ffaca8e0000 - 0x00007ffaca90e000 	C:\windows\system32\SspiCli.dll
0x00007ffacac70000 - 0x00007ffacacc4000 	C:\windows\system32\SHLWAPI.dll
0x00007ffacaaf0000 - 0x00007ffacac67000 	C:\windows\system32\USER32.dll
0x00007ffaccf10000 - 0x00007ffacd0a4000 	C:\windows\system32\ole32.dll
0x00007ffacb450000 - 0x00007ffacc97c000 	C:\windows\system32\SHELL32.dll
0x00007ffac9af0000 - 0x00007ffac9b11000 	C:\windows\SYSTEM32\USERENV.dll
0x00007ffacd280000 - 0x00007ffacd32a000 	C:\windows\system32\ADVAPI32.dll
0x00007ffac2430000 - 0x00007ffac244e000 	C:\windows\SYSTEM32\MPR.dll
0x00007ffacca60000 - 0x00007ffaccba0000 	C:\windows\system32\RPCRT4.dll
0x00007ffacccf0000 - 0x00007ffaccd49000 	C:\windows\SYSTEM32\sechost.dll
0x00007ffacb230000 - 0x00007ffacb442000 	C:\windows\SYSTEM32\combase.dll
0x00007ffaccba0000 - 0x00007ffaccceb000 	C:\windows\system32\GDI32.dll
0x00007ffaca530000 - 0x00007ffaca545000 	C:\windows\SYSTEM32\profapi.dll
0x00007ffac8a80000 - 0x00007ffac8b32000 	C:\windows\SYSTEM32\SHCORE.dll
0x00007ffacaeb0000 - 0x00007ffacaee6000 	C:\windows\system32\IMM32.DLL
0x00007ffacd0b0000 - 0x00007ffacd201000 	C:\windows\system32\MSCTF.dll
0x00007ffac7d10000 - 0x00007ffac7f8b000 	C:\windows\WinSxS\amd64_microsoft.windows.common-controls_6595b64144ccf1df_6.0.9600.18006_none_623f33d3ecbe86e8\COMCTL32.dll
0x000000005b9f0000 - 0x000000005bac2000 	C:\Program Files\Java\jdk8\jre\bin\msvcr100.dll
0x000000005be70000 - 0x000000005c6f3000 	C:\Program Files\Java\jdk8\jre\bin\server\jvm.dll
0x00007ffac1ef0000 - 0x00007ffac1ef9000 	C:\windows\SYSTEM32\WSOCK32.dll
0x00007ffac50d0000 - 0x00007ffac50f2000 	C:\windows\SYSTEM32\WINMM.dll
0x00007ffac4300000 - 0x00007ffac430a000 	C:\windows\SYSTEM32\VERSION.dll
0x00007ffacd210000 - 0x00007ffacd217000 	C:\windows\system32\PSAPI.DLL
0x00007ffacd220000 - 0x00007ffacd27a000 	C:\windows\system32\WS2_32.dll
0x00007ffac5080000 - 0x00007ffac50aa000 	C:\windows\SYSTEM32\WINMMBASE.dll
0x00007ffacc980000 - 0x00007ffacc989000 	C:\windows\system32\NSI.dll
0x00007ffaca6b0000 - 0x00007ffaca6ff000 	C:\windows\SYSTEM32\cfgmgr32.dll
0x00007ffac9310000 - 0x00007ffac9338000 	C:\windows\SYSTEM32\DEVOBJ.dll
0x000000005be60000 - 0x000000005be6f000 	C:\Program Files\Java\jdk8\jre\bin\verify.dll
0x000000005be30000 - 0x000000005be59000 	C:\Program Files\Java\jdk8\jre\bin\java.dll
0x000000005be10000 - 0x000000005be26000 	C:\Program Files\Java\jdk8\jre\bin\zip.dll

VM Arguments:
jvm_args: -Djava.awt.headless=true -Xmx1024M -Dfile.encoding=windows-1255 -Duser.country=US -Duser.language=en -Duser.variant 
java_command: com.android.dx.command.Main --dex --num-threads=4 --output C:\Users\User\Desktop\Searcho-js-server-and-app\FileManager\app\build\intermediates\pre-dexed\debug\internal_impl-23.1.1_1997de9ea5498ca4e999bd19380b832b837f6a0f.jar C:\Users\User\Desktop\Searcho-js-server-and-app\FileManager\app\build\intermediates\exploded-aar\com.android.support\support-v4\23.1.1\jars\libs\internal_impl-23.1.1.jar
java_class_path (initial): C:\Users\User\AppData\Local\Android\sdk\build-tools\23.0.3\lib\dx.jar
Launcher Type: SUN_STANDARD

Environment Variables:
JAVA_HOME=C:\Program Files\Java\jdk8
USERNAME=Manuel
OS=Windows_NT
PROCESSOR_IDENTIFIER=Intel64 Family 6 Model 61 Stepping 4, GenuineIntel



---------------  S Y S T E M  ---------------

OS: Windows 8.1 , 64 bit Build 9600 (6.3.9600.17415)

CPU:total 4 (2 cores per cpu, 2 threads per core) family 6 model 61 stepping 4, cmov, cx8, fxsr, mmx, sse, sse2, sse3, ssse3, sse4.1, sse4.2, popcnt, avx, avx2, aes, clmul, erms, 3dnowpref, lzcnt, ht, tsc, tscinvbit, bmi1, bmi2, adx

Memory: 4k page, physical 8277100k(1328796k free), swap 8277100k(5096k free)

vm_info: Java HotSpot(TM) 64-Bit Server VM (25.45-b02) for windows-amd64 JRE (1.8.0_45-b15), built on Apr 30 2015 12:40:44 by "java_re" with MS VC++ 10.0 (VS2010)

time: Thu Jun 21 22:56:35 2018
elapsed time: 2 seconds (0d 0h 0m 2s)

