#
# There is insufficient memory for the Java Runtime Environment to continue.
# Native memory allocation (malloc) failed to allocate 171664 bytes for Chunk::new
# Possible reasons:
#   The system is out of physical RAM or swap space
#   In 32 bit mode, the process size limit was hit
# Possible solutions:
#   Reduce memory load on the system
#   Increase physical memory or swap space
#   Check if swap backing store is full
#   Use 64 bit Java on a 64 bit OS
#   Decrease Java heap size (-Xmx/-Xms)
#   Decrease number of Java threads
#   Decrease Java thread stack sizes (-Xss)
#   Set larger code cache with -XX:ReservedCodeCacheSize=
# This output file may be truncated or incomplete.
#
#  Out of Memory Error (allocation.cpp:390), pid=10412, tid=8852
#
# JRE version: Java(TM) SE Runtime Environment (8.0_45-b15) (build 1.8.0_45-b15)
# Java VM: Java HotSpot(TM) 64-Bit Server VM (25.45-b02 mixed mode windows-amd64 compressed oops)
# Failed to write core dump. Minidumps are not enabled by default on client versions of Windows
#

---------------  T H R E A D  ---------------

Current thread (0x0000000014d7d800):  JavaThread "C2 CompilerThread1" daemon [_thread_in_native, id=8852, stack(0x0000000016390000,0x0000000016490000)]

Stack: [0x0000000016390000,0x0000000016490000]
Native frames: (J=compiled Java code, j=interpreted, Vv=VM code, C=native code)
V  [jvm.dll+0x32b57a]


Current CompileTask:
C2:   2264 1008       4       com.android.dx.rop.cst.CstFieldRef::getType (8 bytes)


---------------  P R O C E S S  ---------------

Java Threads: ( => current thread )
  0x00000000164e4800 JavaThread "Service Thread" daemon [_thread_blocked, id=11324, stack(0x0000000016990000,0x0000000016a90000)]
  0x0000000014d8d800 JavaThread "C1 CompilerThread2" daemon [_thread_in_native, id=7532, stack(0x0000000016890000,0x0000000016990000)]
=>0x0000000014d7d800 JavaThread "C2 CompilerThread1" daemon [_thread_in_native, id=8852, stack(0x0000000016390000,0x0000000016490000)]
  0x0000000014d7b000 JavaThread "C2 CompilerThread0" daemon [_thread_in_native, id=11596, stack(0x0000000016290000,0x0000000016390000)]
  0x0000000014d79000 JavaThread "Attach Listener" daemon [_thread_blocked, id=10556, stack(0x0000000016190000,0x0000000016290000)]
  0x0000000014d78000 JavaThread "Signal Dispatcher" daemon [_thread_blocked, id=10564, stack(0x0000000016090000,0x0000000016190000)]
  0x0000000002551000 JavaThread "Finalizer" daemon [_thread_blocked, id=11792, stack(0x0000000015f90000,0x0000000016090000)]
  0x000000000254e000 JavaThread "Reference Handler" daemon [_thread_blocked, id=12068, stack(0x0000000015e90000,0x0000000015f90000)]
  0x000000000265e000 JavaThread "main" [_thread_in_vm, id=12172, stack(0x0000000002290000,0x0000000002390000)]

Other Threads:
  0x0000000014cf8000 VMThread [stack: 0x0000000015d90000,0x0000000015e90000] [id=11736]
  0x00000000164ee000 WatcherThread [stack: 0x0000000016a90000,0x0000000016b90000] [id=10644]

VM state:not at safepoint (normal execution)

VM Mutex/Monitor currently owned by a thread: None

Heap:
 PSYoungGen      total 38400K, used 17658K [0x00000000eab00000, 0x00000000ed580000, 0x0000000100000000)
  eden space 33280K, 53% used [0x00000000eab00000,0x00000000ebc3e930,0x00000000ecb80000)
  from space 5120K, 0% used [0x00000000ed080000,0x00000000ed080000,0x00000000ed580000)
  to   space 5120K, 0% used [0x00000000ecb80000,0x00000000ecb80000,0x00000000ed080000)
 ParOldGen       total 87552K, used 0K [0x00000000c0000000, 0x00000000c5580000, 0x00000000eab00000)
  object space 87552K, 0% used [0x00000000c0000000,0x00000000c0000000,0x00000000c5580000)
 Metaspace       used 5965K, capacity 6896K, committed 7040K, reserved 1056768K
  class space    used 606K, capacity 616K, committed 640K, reserved 1048576K

Card table byte_map: [0x0000000011a20000,0x0000000011c30000] byte_map_base: 0x0000000011420000

Marking Bits: (ParMarkBitMap*) 0x000000005c674040
 Begin Bits: [0x0000000012190000, 0x0000000013190000)
 End Bits:   [0x0000000013190000, 0x0000000014190000)

Polling page: 0x0000000000b10000

CodeCache: size=245760Kb used=3875Kb max_used=3875Kb free=241884Kb
 bounds [0x0000000002660000, 0x0000000002a30000, 0x0000000011660000]
 total_blobs=1290 nmethods=1020 adapters=183
 compilation: enabled

Compilation events (10 events):
Event: 2.259 Thread 0x0000000014d8d800 nmethod 1013 0x0000000002a275d0 code [0x0000000002a27720, 0x0000000002a278b0]
Event: 2.259 Thread 0x0000000014d8d800 1014       3       com.android.dx.dex.code.DalvCode::finishProcessingIfNecessary (69 bytes)
Event: 2.259 Thread 0x0000000014d8d800 nmethod 1014 0x0000000002a27950 code [0x0000000002a27b00, 0x0000000002a27f58]
Event: 2.260 Thread 0x0000000014d8d800 1015       3       com.android.dx.dex.code.FixedSizeInsn::writeTo (13 bytes)
Event: 2.260 Thread 0x0000000014d8d800 nmethod 1015 0x0000000002a28110 code [0x0000000002a28280, 0x0000000002a285c8]
Event: 2.260 Thread 0x0000000014d8d800 1016       3       com.android.dx.dex.code.InsnFormat::opcodeUnit (54 bytes)
Event: 2.260 Thread 0x0000000014d8d800 nmethod 1016 0x0000000002a286d0 code [0x0000000002a28860, 0x0000000002a28cd8]
Event: 2.261 Thread 0x0000000014d8d800 1017       1       com.android.dx.dex.code.ZeroSizeInsn::writeTo (1 bytes)
Event: 2.261 Thread 0x0000000014d8d800 nmethod 1017 0x0000000002a28e50 code [0x0000000002a28fa0, 0x0000000002a290b0]
Event: 2.261 Thread 0x0000000014d8d800 1018       3       com.android.dx.dex.code.DalvCode::getInsns (9 bytes)

GC Heap History (0 events):
No events

Deoptimization events (10 events):
Event: 0.743 Thread 0x0000000016668800 Uncommon trap: reason=speculate_class_check action=maybe_recompile pc=0x00000000028351ec method=com.android.dx.rop.cst.Constant.compareTo(Lcom/android/dx/rop/cst/Constant;)I @ 29
Event: 0.743 Thread 0x0000000016668800 Uncommon trap: reason=speculate_class_check action=maybe_recompile pc=0x00000000028351ec method=com.android.dx.rop.cst.Constant.compareTo(Lcom/android/dx/rop/cst/Constant;)I @ 29
Event: 1.290 Thread 0x000000000265e000 Uncommon trap: reason=unstable_if action=reinterpret pc=0x00000000028541ac method=com.android.dx.rop.cst.CstFieldRef.compareTo0(Lcom/android/dx/rop/cst/Constant;)I @ 7
Event: 1.291 Thread 0x000000000265e000 Uncommon trap: reason=unstable_if action=reinterpret pc=0x0000000002839f34 method=com.android.dx.rop.cst.CstFieldRef.compareTo0(Lcom/android/dx/rop/cst/Constant;)I @ 7
Event: 1.764 Thread 0x000000000265e000 Uncommon trap: reason=bimorphic action=maybe_recompile pc=0x0000000002900830 method=java.util.HashMap.getNode(ILjava/lang/Object;)Ljava/util/HashMap$Node; @ 126
Event: 1.774 Thread 0x000000000265e000 Uncommon trap: reason=bimorphic action=maybe_recompile pc=0x0000000002900830 method=java.util.HashMap.getNode(ILjava/lang/Object;)Ljava/util/HashMap$Node; @ 126
Event: 1.774 Thread 0x000000000265e000 Uncommon trap: reason=bimorphic action=maybe_recompile pc=0x0000000002900830 method=java.util.HashMap.getNode(ILjava/lang/Object;)Ljava/util/HashMap$Node; @ 126
Event: 1.774 Thread 0x000000000265e000 Uncommon trap: reason=bimorphic action=maybe_recompile pc=0x0000000002900830 method=java.util.HashMap.getNode(ILjava/lang/Object;)Ljava/util/HashMap$Node; @ 126
Event: 1.774 Thread 0x000000000265e000 Uncommon trap: reason=bimorphic action=maybe_recompile pc=0x00000000028bd590 method=java.util.HashMap.getNode(ILjava/lang/Object;)Ljava/util/HashMap$Node; @ 126
Event: 2.018 Thread 0x000000000265e000 Uncommon trap: reason=unstable_if action=reinterpret pc=0x0000000002a0be98 method=com.android.dx.util.ByteArrayAnnotatedOutput.writeByte(I)V @ 13

Internal exceptions (2 events):
Event: 0.049 Thread 0x000000000265e000 Exception <a 'java/lang/NoSuchMethodError': Method sun.misc.Unsafe.defineClass(Ljava/lang/String;[BII)Ljava/lang/Class; name or signature does not match> (0x00000000eab12f18) thrown at [C:\re\workspace\8-2-build-windows-amd64-cygwin\jdk8u45\3627\hotspot\sr~dê8VÎ®?
Event: 0.049 Thread 0x000000000265e000 Exception <a 'java/lang/NoSuchMethodError': Method sun.misc.Unsafe.prefetchRead(Ljava/lang/Object;J)V name or signature does not match> (0x00000000eab131a8) thrown at [C:\re\workspace\8-2-build-windows-amd64-cygwin\jdk8u45\3627\hotspot\src\share\vm\prims\j

Events (10 events):
Event: 1.993 loading class com/android/dex/EncodedValueCodec done
Event: 2.004 loading class com/android/dx/dex/file/MapItem
Event: 2.004 loading class com/android/dx/dex/file/MapItem done
Event: 2.006 loading class com/android/dx/dex/file/UniformListItem
Event: 2.006 loading class com/android/dx/dex/file/UniformListItem done
Event: 2.018 loading class com/android/dex/DexFormat
Event: 2.018 loading class com/android/dex/DexFormat done
Event: 2.018 Thread 0x000000000265e000 Uncommon trap: trap_request=0xffffff65 fr.pc=0x0000000002a0be98
Event: 2.018 Thread 0x000000000265e000 DEOPT PACKING pc=0x0000000002a0be98 sp=0x000000000238f2d0
Event: 2.018 Thread 0x000000000265e000 DEOPT UNPACKING pc=0x00000000026a582a sp=0x000000000238f2b8 mode 2


Dynamic libraries:
0x00007ff621e70000 - 0x00007ff621ea7000 	C:\Program Files\Java\jdk8\bin\java.exe
0x00007ffacd400000 - 0x00007ffacd5ad000 	C:\windows\SYSTEM32\ntdll.dll
0x00007ffacb080000 - 0x00007ffacb1be000 	C:\windows\system32\KERNEL32.DLL
0x00007ffaca970000 - 0x00007ffacaa86000 	C:\windows\system32\KERNELBASE.dll
0x00007ffac90b0000 - 0x00007ffac913e000 	C:\windows\system32\apphelp.dll
0x00007ffab0410000 - 0x00007ffab0463000 	C:\windows\AppPatch\AppPatch64\AcGenral.DLL
0x00007ffacaef0000 - 0x00007ffacaf9a000 	C:\windows\system32\msvcrt.dll
0x00007ffaca8e0000 - 0x00007ffaca90e000 	C:\windows\system32\SspiCli.dll
0x00007ffacac70000 - 0x00007ffacacc4000 	C:\windows\system32\SHLWAPI.dll
0x00007ffacaaf0000 - 0x00007ffacac67000 	C:\windows\system32\USER32.dll
0x00007ffaccf10000 - 0x00007ffacd0a4000 	C:\windows\system32\ole32.dll
0x00007ffacb450000 - 0x00007ffacc97c000 	C:\windows\system32\SHELL32.dll
0x00007ffac9af0000 - 0x00007ffac9b11000 	C:\windows\SYSTEM32\USERENV.dll
0x00007ffacd280000 - 0x00007ffacd32a000 	C:\windows\system32\ADVAPI32.dll
0x00007ffac2430000 - 0x00007ffac244e000 	C:\windows\SYSTEM32\MPR.dll
0x00007ffacca60000 - 0x00007ffaccba0000 	C:\windows\system32\RPCRT4.dll
0x00007ffacccf0000 - 0x00007ffaccd49000 	C:\windows\SYSTEM32\sechost.dll
0x00007ffacb230000 - 0x00007ffacb442000 	C:\windows\SYSTEM32\combase.dll
0x00007ffaccba0000 - 0x00007ffaccceb000 	C:\windows\system32\GDI32.dll
0x00007ffaca530000 - 0x00007ffaca545000 	C:\windows\SYSTEM32\profapi.dll
0x00007ffac8a80000 - 0x00007ffac8b32000 	C:\windows\SYSTEM32\SHCORE.dll
0x00007ffacaeb0000 - 0x00007ffacaee6000 	C:\windows\system32\IMM32.DLL
0x00007ffacd0b0000 - 0x00007ffacd201000 	C:\windows\system32\MSCTF.dll
0x00007ffac7d10000 - 0x00007ffac7f8b000 	C:\windows\WinSxS\amd64_microsoft.windows.common-controls_6595b64144ccf1df_6.0.9600.18006_none_623f33d3ecbe86e8\COMCTL32.dll
0x000000005b9f0000 - 0x000000005bac2000 	C:\Program Files\Java\jdk8\jre\bin\msvcr100.dll
0x000000005be70000 - 0x000000005c6f3000 	C:\Program Files\Java\jdk8\jre\bin\server\jvm.dll
0x00007ffac1ef0000 - 0x00007ffac1ef9000 	C:\windows\SYSTEM32\WSOCK32.dll
0x00007ffac50d0000 - 0x00007ffac50f2000 	C:\windows\SYSTEM32\WINMM.dll
0x00007ffac4300000 - 0x00007ffac430a000 	C:\windows\SYSTEM32\VERSION.dll
0x00007ffacd210000 - 0x00007ffacd217000 	C:\windows\system32\PSAPI.DLL
0x00007ffacd220000 - 0x00007ffacd27a000 	C:\windows\system32\WS2_32.dll
0x00007ffac5080000 - 0x00007ffac50aa000 	C:\windows\SYSTEM32\WINMMBASE.dll
0x00007ffacc980000 - 0x00007ffacc989000 	C:\windows\system32\NSI.dll
0x00007ffaca6b0000 - 0x00007ffaca6ff000 	C:\windows\SYSTEM32\cfgmgr32.dll
0x00007ffac9310000 - 0x00007ffac9338000 	C:\windows\SYSTEM32\DEVOBJ.dll
0x000000005be60000 - 0x000000005be6f000 	C:\Program Files\Java\jdk8\jre\bin\verify.dll
0x000000005be30000 - 0x000000005be59000 	C:\Program Files\Java\jdk8\jre\bin\java.dll
0x000000005be10000 - 0x000000005be26000 	C:\Program Files\Java\jdk8\jre\bin\zip.dll

VM Arguments:
jvm_args: -Djava.awt.headless=true -Xmx1024M -Dfile.encoding=windows-1255 -Duser.country=US -Duser.language=en -Duser.variant 
java_command: com.android.dx.command.Main --dex --num-threads=4 --output C:\Users\User\Desktop\Searcho-js-server-and-app\FileManager\app\build\intermediates\pre-dexed\debug\debug_ec6a9c200504686233d914f7a757589f1a5fa203.jar C:\Users\User\Desktop\Searcho-js-server-and-app\FileManager\app\build\intermediates\classes\debug
java_class_path (initial): C:\Users\User\AppData\Local\Android\sdk\build-tools\23.0.3\lib\dx.jar
Launcher Type: SUN_STANDARD

Environment Variables:
JAVA_HOME=C:\Program Files\Java\jdk8
USERNAME=Manuel
OS=Windows_NT
PROCESSOR_IDENTIFIER=Intel64 Family 6 Model 61 Stepping 4, GenuineIntel



---------------  S Y S T E M  ---------------

OS: Windows 8.1 , 64 bit Build 9600 (6.3.9600.17415)

CPU:total 4 (2 cores per cpu, 2 threads per core) family 6 model 61 stepping 4, cmov, cx8, fxsr, mmx, sse, sse2, sse3, ssse3, sse4.1, sse4.2, popcnt, avx, avx2, aes, clmul, erms, 3dnowpref, lzcnt, ht, tsc, tscinvbit, bmi1, bmi2, adx

Memory: 4k page, physical 8277100k(1318024k free), swap 8277100k(5080k free)

vm_info: Java HotSpot(TM) 64-Bit Server VM (25.45-b02) for windows-amd64 JRE (1.8.0_45-b15), built on Apr 30 2015 12:40:44 by "java_re" with MS VC++ 10.0 (VS2010)

time: Thu Jun 21 22:56:35 2018
elapsed time: 2 seconds (0d 0h 0m 2s)

